<?xml version="1.0" encoding="UTF-8"?>
<testng-results skipped="0" failed="1" ignored="0" total="4" passed="3">
  <reporter-output>
  </reporter-output>
  <suite name="Hub Spot Sanity Test Automation Suite" duration-ms="73364" started-at="2019-07-27T06:29:35Z" finished-at="2019-07-27T06:30:48Z">
    <groups>
    </groups>
    <test name="Hub Spot App Sanity Test Cases" duration-ms="73364" started-at="2019-07-27T06:29:35Z" finished-at="2019-07-27T06:30:48Z">
      <class name="com.qa.hubspot.tests.LoginPageTest">
        <test-method status="PASS" signature="setUp()[pri:0, instance:com.qa.hubspot.tests.LoginPageTest@315ba14a]" name="setUp" is-config="true" duration-ms="8904" started-at="2019-07-27T06:29:35Z" finished-at="2019-07-27T06:29:44Z">
          <reporter-output>
          </reporter-output>
        </test-method> <!-- setUp -->
        <test-method status="FAIL" signature="verifyLoginPageTitleTest()[pri:1, instance:com.qa.hubspot.tests.LoginPageTest@315ba14a]" name="verifyLoginPageTitleTest" duration-ms="10098" started-at="2019-07-27T06:29:44Z" finished-at="2019-07-27T06:29:54Z">
          <exception class="java.lang.AssertionError">
            <message>
              <![CDATA[expected [HubSpot Login123] but found [HubSpot Login]]]>
            </message>
            <full-stacktrace>
              <![CDATA[java.lang.AssertionError: expected [HubSpot Login123] but found [HubSpot Login]
at org.testng.Assert.fail(Assert.java:96)
at org.testng.Assert.failNotEquals(Assert.java:776)
at org.testng.Assert.assertEqualsImpl(Assert.java:137)
at org.testng.Assert.assertEquals(Assert.java:118)
at org.testng.Assert.assertEquals(Assert.java:453)
at org.testng.Assert.assertEquals(Assert.java:463)
at com.qa.hubspot.tests.LoginPageTest.verifyLoginPageTitleTest(LoginPageTest.java:49)
at sun.reflect.NativeMethodAccessorImpl.invoke0(Native Method)
at sun.reflect.NativeMethodAccessorImpl.invoke(NativeMethodAccessorImpl.java:62)
at sun.reflect.DelegatingMethodAccessorImpl.invoke(DelegatingMethodAccessorImpl.java:43)
at java.lang.reflect.Method.invoke(Method.java:498)
at org.testng.internal.MethodInvocationHelper.invokeMethod(MethodInvocationHelper.java:124)
at org.testng.internal.Invoker.invokeMethod(Invoker.java:583)
at org.testng.internal.Invoker.invokeTestMethod(Invoker.java:719)
at org.testng.internal.Invoker.invokeTestMethods(Invoker.java:989)
at org.testng.internal.TestMethodWorker.invokeTestMethods(TestMethodWorker.java:125)
at org.testng.internal.TestMethodWorker.run(TestMethodWorker.java:109)
at org.testng.TestRunner.privateRun(TestRunner.java:648)
at org.testng.TestRunner.run(TestRunner.java:505)
at org.testng.SuiteRunner.runTest(SuiteRunner.java:455)
at org.testng.SuiteRunner.runSequentially(SuiteRunner.java:450)
at org.testng.SuiteRunner.privateRun(SuiteRunner.java:415)
at org.testng.SuiteRunner.run(SuiteRunner.java:364)
at org.testng.SuiteRunnerWorker.runSuite(SuiteRunnerWorker.java:52)
at org.testng.SuiteRunnerWorker.run(SuiteRunnerWorker.java:84)
at org.testng.TestNG.runSuitesSequentially(TestNG.java:1208)
at org.testng.TestNG.runSuitesLocally(TestNG.java:1137)
at org.testng.TestNG.runSuites(TestNG.java:1049)
at org.testng.TestNG.run(TestNG.java:1017)
at org.apache.maven.surefire.testng.TestNGExecutor.run(TestNGExecutor.java:281)
at org.apache.maven.surefire.testng.TestNGXmlTestSuite.execute(TestNGXmlTestSuite.java:75)
at org.apache.maven.surefire.testng.TestNGProvider.invoke(TestNGProvider.java:121)
at org.apache.maven.surefire.booter.ForkedBooter.invokeProviderInSameClassLoader(ForkedBooter.java:290)
at org.apache.maven.surefire.booter.ForkedBooter.runSuitesInProcess(ForkedBooter.java:242)
at org.apache.maven.surefire.booter.ForkedBooter.main(ForkedBooter.java:121)
]]>
            </full-stacktrace>
          </exception> <!-- java.lang.AssertionError -->
          <reporter-output>
          </reporter-output>
        </test-method> <!-- verifyLoginPageTitleTest -->
        <test-method status="PASS" signature="tearDown()[pri:0, instance:com.qa.hubspot.tests.LoginPageTest@315ba14a]" name="tearDown" is-config="true" duration-ms="80" started-at="2019-07-27T06:29:55Z" finished-at="2019-07-27T06:29:55Z">
          <reporter-output>
          </reporter-output>
        </test-method> <!-- tearDown -->
        <test-method status="PASS" signature="setUp()[pri:0, instance:com.qa.hubspot.tests.LoginPageTest@315ba14a]" name="setUp" is-config="true" duration-ms="7761" started-at="2019-07-27T06:29:55Z" finished-at="2019-07-27T06:30:03Z">
          <reporter-output>
          </reporter-output>
        </test-method> <!-- setUp -->
        <test-method status="PASS" signature="verifySignUpLinkTest()[pri:2, instance:com.qa.hubspot.tests.LoginPageTest@315ba14a]" name="verifySignUpLinkTest" duration-ms="5068" started-at="2019-07-27T06:30:03Z" finished-at="2019-07-27T06:30:08Z">
          <reporter-output>
          </reporter-output>
        </test-method> <!-- verifySignUpLinkTest -->
        <test-method status="PASS" signature="tearDown()[pri:0, instance:com.qa.hubspot.tests.LoginPageTest@315ba14a]" name="tearDown" is-config="true" duration-ms="78" started-at="2019-07-27T06:30:08Z" finished-at="2019-07-27T06:30:08Z">
          <reporter-output>
          </reporter-output>
        </test-method> <!-- tearDown -->
        <test-method status="PASS" signature="setUp()[pri:0, instance:com.qa.hubspot.tests.LoginPageTest@315ba14a]" name="setUp" is-config="true" duration-ms="7667" started-at="2019-07-27T06:30:08Z" finished-at="2019-07-27T06:30:16Z">
          <reporter-output>
          </reporter-output>
        </test-method> <!-- setUp -->
        <test-method status="PASS" signature="loginTestWithCorrectCredentialsTest()[pri:3, instance:com.qa.hubspot.tests.LoginPageTest@315ba14a]" name="loginTestWithCorrectCredentialsTest" duration-ms="12428" started-at="2019-07-27T06:30:16Z" finished-at="2019-07-27T06:30:28Z">
          <reporter-output>
          </reporter-output>
        </test-method> <!-- loginTestWithCorrectCredentialsTest -->
        <test-method status="PASS" signature="tearDown()[pri:0, instance:com.qa.hubspot.tests.LoginPageTest@315ba14a]" name="tearDown" is-config="true" duration-ms="79" started-at="2019-07-27T06:30:28Z" finished-at="2019-07-27T06:30:28Z">
          <reporter-output>
          </reporter-output>
        </test-method> <!-- tearDown -->
        <test-method status="PASS" signature="setUp()[pri:0, instance:com.qa.hubspot.tests.LoginPageTest@315ba14a]" name="setUp" is-config="true" duration-ms="7658" started-at="2019-07-27T06:30:28Z" finished-at="2019-07-27T06:30:36Z">
          <reporter-output>
          </reporter-output>
        </test-method> <!-- setUp -->
        <test-method status="PASS" signature="loginTestWithInCorrectCredentialsTest()[pri:4, instance:com.qa.hubspot.tests.LoginPageTest@315ba14a]" name="loginTestWithInCorrectCredentialsTest" duration-ms="12301" started-at="2019-07-27T06:30:36Z" finished-at="2019-07-27T06:30:48Z">
          <reporter-output>
          </reporter-output>
        </test-method> <!-- loginTestWithInCorrectCredentialsTest -->
        <test-method status="PASS" signature="tearDown()[pri:0, instance:com.qa.hubspot.tests.LoginPageTest@315ba14a]" name="tearDown" is-config="true" duration-ms="81" started-at="2019-07-27T06:30:48Z" finished-at="2019-07-27T06:30:48Z">
          <reporter-output>
          </reporter-output>
        </test-method> <!-- tearDown -->
      </class> <!-- com.qa.hubspot.tests.LoginPageTest -->
    </test> <!-- Hub Spot App Sanity Test Cases -->
  </suite> <!-- Hub Spot Sanity Test Automation Suite -->
</testng-results>
