<?xml version="1.0" encoding="UTF-8"?>
<!-- Generated by org.testng.reporters.JUnitXMLReporter -->
<testsuite hostname="Naveen-Mac.local" ignored="0" name="Hub Spot App Sanity Test Cases" tests="4" failures="1" timestamp="27 Jul 2019 06:30:53 GMT" time="73.364" errors="0">
  <testcase name="verifyLoginPageTitleTest" time="10.098" classname="com.qa.hubspot.tests.LoginPageTest">
    <failure type="java.lang.AssertionError" message="expected [HubSpot Login123] but found [HubSpot Login]">
      <![CDATA[java.lang.AssertionError: expected [HubSpot Login123] but found [HubSpot Login]
at com.qa.hubspot.tests.LoginPageTest.verifyLoginPageTitleTest(LoginPageTest.java:49)
... Removed 34 stack frames]]>
    </failure>
  </testcase> <!-- verifyLoginPageTitleTest -->
  <testcase name="verifySignUpLinkTest" time="5.068" classname="com.qa.hubspot.tests.LoginPageTest"/>
  <testcase name="loginTestWithCorrectCredentialsTest" time="12.428" classname="com.qa.hubspot.tests.LoginPageTest"/>
  <testcase name="loginTestWithInCorrectCredentialsTest" time="12.301" classname="com.qa.hubspot.tests.LoginPageTest"/>
</testsuite> <!-- Hub Spot App Sanity Test Cases -->
